0 info it worked if it ends with ok
1 verbose cli [ '/usr/local/Cellar/node/0.8.19/bin/node',
1 verbose cli   '/usr/local/bin/npm',
1 verbose cli   'install',
1 verbose cli   'mongod',
1 verbose cli   '-g' ]
2 info using npm@1.2.10
3 info using node@v0.8.19
4 verbose read json /usr/local/share/npm/lib/package.json
5 verbose read json /usr/local/share/npm/lib/package.json
6 verbose cache add [ 'mongod', null ]
7 verbose cache add name=undefined spec="mongod" args=["mongod",null]
8 verbose parsed url { pathname: 'mongod', path: 'mongod', href: 'mongod' }
9 silly lockFile 2efa196a-mongod mongod
10 verbose lock mongod /Users/imm/.npm/2efa196a-mongod.lock
11 silly lockFile 2efa196a-mongod mongod
12 silly lockFile 2efa196a-mongod mongod
13 verbose addNamed [ 'mongod', '' ]
14 verbose addNamed [ null, '' ]
15 silly lockFile aa6e1ae3-mongod mongod@
16 verbose lock mongod@ /Users/imm/.npm/aa6e1ae3-mongod.lock
17 silly addNameRange { name: 'mongod', range: '', hasData: false }
18 verbose url raw mongod
19 verbose url resolving [ 'https://registry.npmjs.org/', './mongod' ]
20 verbose url resolved https://registry.npmjs.org/mongod
21 info trying registry request attempt 1 at 13:59:10
22 http GET https://registry.npmjs.org/mongod
23 http 404 https://registry.npmjs.org/mongod
24 silly registry.get cb [ 404,
24 silly registry.get   { server: 'CouchDB/1.3.0 (Erlang OTP/R15B03)',
24 silly registry.get     date: 'Sun, 28 Apr 2013 19:59:11 GMT',
24 silly registry.get     'content-type': 'application/json',
24 silly registry.get     'content-length': '52',
24 silly registry.get     'cache-control': 'must-revalidate' } ]
25 silly lockFile aa6e1ae3-mongod mongod@
26 silly lockFile aa6e1ae3-mongod mongod@
27 error 404 'mongod' is not in the npm registry.
27 error 404 You should bug the author to publish it
27 error 404
27 error 404 Note that you can also install from a
27 error 404 tarball, folder, or http url, or git url.
28 error System Darwin 12.3.0
29 error command "/usr/local/Cellar/node/0.8.19/bin/node" "/usr/local/bin/npm" "install" "mongod" "-g"
30 error cwd /Users/imm/Dropbox/web team/magazine
31 error node -v v0.8.19
32 error npm -v 1.2.10
33 error code E404
34 verbose exit [ 1, true ]
